2023-08-18T05:59:45.350Z - info: Website generation started at 1:59:45 pm
2023-08-18T05:59:47.702Z - info: Building assets...
2023-08-18T05:59:50.144Z - info: Assets built
2023-08-18T05:59:50.145Z - info: Generating pages...
2023-08-18T05:59:57.463Z - debug:  
2023-08-18T05:59:58.355Z - debug:  
2023-08-18T05:59:58.356Z - debug:  
2023-08-18T05:59:58.356Z - debug:  
2023-08-18T05:59:58.356Z - debug:  
2023-08-18T05:59:58.357Z - debug:  
2023-08-18T05:59:58.357Z - debug:  
2023-08-18T05:59:58.357Z - debug:  
2023-08-18T05:59:58.357Z - debug:  
2023-08-18T05:59:58.357Z - debug:  
2023-08-18T05:59:58.357Z - debug:  
2023-08-18T05:59:58.357Z - debug:  
2023-08-18T05:59:58.357Z - debug:  
2023-08-18T05:59:58.357Z - debug:  
2023-08-18T05:59:58.357Z - debug:  
2023-08-18T06:00:00.442Z - debug:  
2023-08-18T06:00:56.937Z - debug:  
2023-08-18T06:01:02.632Z - debug:  
2023-08-18T06:01:02.632Z - debug:  
2023-08-18T06:01:05.274Z - info: Pages built
2023-08-18T06:01:05.971Z - info: Site data built
2023-08-18T06:01:05.971Z - info: Website generation complete! Total build time: 80.669s
2023-08-18T06:01:05.972Z - info: Build success!
2023-08-18T06:01:17.449Z - info: Website generation started at 2:01:13 pm
2023-08-18T06:01:19.694Z - info: Building assets...
