2023-08-25T06:17:24.503Z - info: Website generation started at 2:17:19 pm
2023-08-25T06:17:27.089Z - info: Building assets...
2023-08-25T06:17:29.763Z - info: Assets built
2023-08-25T06:17:29.764Z - info: Generating pages...
2023-08-25T06:17:41.719Z - debug:  
2023-08-25T06:17:41.720Z - debug:  
2023-08-25T06:17:41.721Z - debug:  
2023-08-25T06:17:41.721Z - debug:  
2023-08-25T06:17:41.722Z - debug:  
2023-08-25T06:17:41.723Z - debug:  
2023-08-25T06:17:41.723Z - debug:  
2023-08-25T06:17:41.723Z - debug:  
2023-08-25T06:17:41.723Z - debug:  
2023-08-25T06:17:41.723Z - debug:  
2023-08-25T06:17:41.723Z - debug:  
2023-08-25T06:17:41.724Z - debug:  
2023-08-25T06:17:41.724Z - debug:  
2023-08-25T06:17:41.724Z - debug:  
2023-08-25T06:17:42.849Z - debug:  
2023-08-25T06:17:45.440Z - debug:  
2023-08-25T06:18:54.190Z - debug:  
2023-08-25T06:19:00.177Z - debug:  
2023-08-25T06:19:00.177Z - debug:  
2023-08-25T06:19:03.270Z - info: Pages built
2023-08-25T06:19:03.951Z - info: Site data built
2023-08-25T06:19:03.952Z - info: Website generation complete! Total build time: 104.777s
2023-08-25T06:19:03.952Z - info: Build success!
2023-08-25T06:19:14.739Z - info: Website generation started at 2:19:10 pm
2023-08-25T06:19:16.989Z - info: Building assets...
2023-08-25T06:19:19.377Z - info: Assets built
2023-08-25T06:19:19.378Z - info: Generating pages...
2023-08-25T06:19:27.400Z - debug:  
2023-08-25T06:19:27.401Z - debug:  
2023-08-25T06:19:27.401Z - debug:  
2023-08-25T06:19:27.401Z - debug:  
2023-08-25T06:19:27.401Z - debug:  
2023-08-25T06:19:27.404Z - debug:  
2023-08-25T06:19:27.404Z - debug:  
2023-08-25T06:19:27.405Z - debug:  
2023-08-25T06:19:27.405Z - debug:  
2023-08-25T06:19:27.405Z - debug:  
2023-08-25T06:19:27.405Z - debug:  
2023-08-25T06:19:27.405Z - debug:  
2023-08-25T06:19:27.407Z - debug:  
2023-08-25T06:19:28.045Z - debug:  
2023-08-25T06:19:28.045Z - debug:  
2023-08-25T06:19:30.018Z - debug:  
2023-08-25T06:20:27.683Z - debug:  
2023-08-25T06:20:34.015Z - debug:  
2023-08-25T06:20:34.015Z - debug:  
2023-08-25T06:20:36.874Z - info: Pages built
2023-08-25T06:20:37.520Z - info: Site data built
2023-08-25T06:20:37.520Z - info: Website generation complete! Total build time: 86.614s
2023-08-25T06:20:37.520Z - info: Build success!
2023-08-25T06:22:04.728Z - info: The website has been deployed at: https://nus-cs2113-ay2324s1.github.io/website
