2023-09-11T09:53:20.118Z - info: Website generation started at 5:53:15 pm
2023-09-11T09:53:22.588Z - info: Building assets...
2023-09-11T09:53:25.063Z - info: Assets built
2023-09-11T09:53:25.063Z - info: Generating pages...
2023-09-11T09:53:33.444Z - debug:  
2023-09-11T09:53:33.444Z - debug:  
2023-09-11T09:53:33.445Z - debug:  
2023-09-11T09:53:33.445Z - debug:  
2023-09-11T09:53:33.445Z - debug:  
2023-09-11T09:53:33.445Z - debug:  
2023-09-11T09:53:33.445Z - debug:  
2023-09-11T09:53:33.445Z - debug:  
2023-09-11T09:53:33.445Z - debug:  
2023-09-11T09:53:33.445Z - debug:  
2023-09-11T09:53:33.445Z - debug:  
2023-09-11T09:53:33.445Z - debug:  
2023-09-11T09:53:33.446Z - debug:  
2023-09-11T09:53:33.446Z - debug:  
2023-09-11T09:53:33.446Z - debug:  
2023-09-11T09:53:35.425Z - debug:  
2023-09-11T09:54:30.229Z - debug:  
2023-09-11T09:54:35.780Z - debug:  
2023-09-11T09:54:35.780Z - debug:  
2023-09-11T09:54:38.625Z - info: Pages built
2023-09-11T09:54:39.404Z - info: Site data built
2023-09-11T09:54:39.404Z - info: Website generation complete! Total build time: 83.421s
2023-09-11T09:54:39.404Z - info: Build success!
2023-09-11T09:54:51.214Z - info: Website generation started at 5:54:47 pm
2023-09-11T09:54:53.614Z - info: Building assets...
